[2025-08-09 12:25:18,178: INFO: main: Logging has been set up successfully.]
[2025-08-16 13:03:09,321: INFO: common: yaml file: config/config.yaml loaded successfully]
[2025-08-16 13:03:09,323: INFO: common: yaml file: params.yaml loaded successfully]
[2025-08-16 13:03:09,324: INFO: common: yaml file: schema.yaml loaded successfully]
[2025-08-16 13:03:09,325: INFO: common: created directory at: artifacts]
[2025-08-16 13:03:09,325: INFO: common: created directory at: artifacts/data_ingestion]
[2025-08-16 13:03:27,348: INFO: common: yaml file: config/config.yaml loaded successfully]
[2025-08-16 13:03:27,349: INFO: common: yaml file: params.yaml loaded successfully]
[2025-08-16 13:03:27,350: INFO: common: yaml file: schema.yaml loaded successfully]
[2025-08-16 13:03:27,350: INFO: common: created directory at: artifacts]
[2025-08-16 13:03:27,351: INFO: common: created directory at: artifacts/data_ingestion]
[2025-08-16 13:04:30,373: INFO: common: yaml file: config/config.yaml loaded successfully]
[2025-08-16 13:04:30,374: INFO: common: yaml file: params.yaml loaded successfully]
[2025-08-16 13:04:30,375: INFO: common: yaml file: schema.yaml loaded successfully]
[2025-08-16 13:04:30,375: INFO: common: created directory at: artifacts]
[2025-08-16 13:04:30,376: INFO: common: created directory at: artifacts/data_ingestion]
[2025-08-16 13:04:30,786: INFO: 251335794: artifacts/data_ingestion/data.zip download! with following info: 
Connection: close
Content-Length: 23329
Cache-Control: max-age=300
Content-Security-Policy: default-src 'none'; style-src 'unsafe-inline'; sandbox
Content-Type: application/zip
ETag: "c69888a4ae59bc5a893392785a938ccd4937981c06ba8a9d6a21aa52b4ab5b6e"
Strict-Transport-Security: max-age=31536000
X-Content-Type-Options: nosniff
X-Frame-Options: deny
X-XSS-Protection: 1; mode=block
X-GitHub-Request-Id: EECE:33D4EC:188B5:15BCB7:68A073C9
Accept-Ranges: bytes
Date: Sat, 16 Aug 2025 12:04:30 GMT
Via: 1.1 varnish
X-Served-By: cache-dub4324-DUB
X-Cache: MISS
X-Cache-Hits: 0
X-Timer: S1755345871.739376,VS0,VE105
Vary: Authorization,Accept-Encoding
Access-Control-Allow-Origin: *
Cross-Origin-Resource-Policy: cross-origin
X-Fastly-Request-ID: 4cf97b60f81aa6fca8ae6702897aae0f7295e1ec
Expires: Sat, 16 Aug 2025 12:09:30 GMT
Source-Age: 0

]
[2025-08-16 13:21:12,513: INFO: main: >>>>>> stage Data Ingestion stage started <<<<<<]
[2025-08-16 13:21:12,514: INFO: common: yaml file: config/config.yaml loaded successfully]
[2025-08-16 13:21:12,514: INFO: common: yaml file: params.yaml loaded successfully]
[2025-08-16 13:21:12,514: INFO: common: yaml file: schema.yaml loaded successfully]
[2025-08-16 13:21:12,514: INFO: common: created directory at: artifacts]
[2025-08-16 13:21:12,514: INFO: common: created directory at: artifacts/data_ingestion]
[2025-08-16 13:21:12,897: INFO: data_ingestion: artifacts/data_ingestion/data.zip download! with following info: 
Connection: close
Content-Length: 23329
Cache-Control: max-age=300
Content-Security-Policy: default-src 'none'; style-src 'unsafe-inline'; sandbox
Content-Type: application/zip
ETag: "c69888a4ae59bc5a893392785a938ccd4937981c06ba8a9d6a21aa52b4ab5b6e"
Strict-Transport-Security: max-age=31536000
X-Content-Type-Options: nosniff
X-Frame-Options: deny
X-XSS-Protection: 1; mode=block
X-GitHub-Request-Id: EECE:33D4EC:188B5:15BCB7:68A073C9
Accept-Ranges: bytes
Date: Sat, 16 Aug 2025 12:21:12 GMT
Via: 1.1 varnish
X-Served-By: cache-dub4336-DUB
X-Cache: HIT
X-Cache-Hits: 0
X-Timer: S1755346873.843298,VS0,VE106
Vary: Authorization,Accept-Encoding
Access-Control-Allow-Origin: *
Cross-Origin-Resource-Policy: cross-origin
X-Fastly-Request-ID: 8d0ae453f2953d6143c7d2fd31bc833c5bb49042
Expires: Sat, 16 Aug 2025 12:26:12 GMT
Source-Age: 0

]
[2025-08-16 13:21:12,901: INFO: main: >>>>>> stage Data Ingestion stage completed <<<<<<

x==========x]
[2025-08-16 13:43:38,961: INFO: common: yaml file: config/config.yaml loaded successfully]
[2025-08-16 13:43:38,962: INFO: common: yaml file: params.yaml loaded successfully]
[2025-08-16 13:43:38,964: INFO: common: yaml file: schema.yaml loaded successfully]
[2025-08-16 13:43:38,964: INFO: common: created directory at: artifacts]
[2025-08-16 13:43:38,965: INFO: common: created directory at: artifacts/data_validation]
[2025-08-16 13:43:55,569: INFO: common: yaml file: config/config.yaml loaded successfully]
[2025-08-16 13:43:55,570: INFO: common: yaml file: params.yaml loaded successfully]
[2025-08-16 13:43:55,572: INFO: common: yaml file: schema.yaml loaded successfully]
[2025-08-16 13:43:55,573: INFO: common: created directory at: artifacts]
[2025-08-16 13:43:55,573: INFO: common: created directory at: artifacts/data_validation]
[2025-08-16 13:43:55,573: ERROR: 297557633: "'ConfigBox' object has no attribute 'all_schema'"]
Traceback (most recent call last):
  File "box/box.py", line 594, in box.box.Box.__getitem__
KeyError: 'all_schema'

The above exception was the direct cause of the following exception:

Traceback (most recent call last):
  File "box/box.py", line 633, in box.box.Box.__getattr__
  File "box/box.py", line 621, in box.box.Box.__getitem__
box.exceptions.BoxKeyError: "'all_schema'"

During handling of the above exception, another exception occurred:

Traceback (most recent call last):
  File "box/box.py", line 635, in box.box.Box.__getattr__
AttributeError: 'ConfigBox' object has no attribute 'all_schema'

The above exception was the direct cause of the following exception:

Traceback (most recent call last):
  File "box/config_box.py", line 29, in box.config_box.ConfigBox.__getattr__
  File "box/box.py", line 649, in box.box.Box.__getattr__
box.exceptions.BoxKeyError: "'ConfigBox' object has no attribute 'all_schema'"

During handling of the above exception, another exception occurred:

Traceback (most recent call last):
  File "box/box.py", line 594, in box.box.Box.__getitem__
KeyError: 'all_schema'

The above exception was the direct cause of the following exception:

Traceback (most recent call last):
  File "box/box.py", line 633, in box.box.Box.__getattr__
  File "box/box.py", line 621, in box.box.Box.__getitem__
box.exceptions.BoxKeyError: "'all_schema'"

During handling of the above exception, another exception occurred:

Traceback (most recent call last):
  File "box/box.py", line 635, in box.box.Box.__getattr__
AttributeError: 'ConfigBox' object has no attribute 'all_schema'

The above exception was the direct cause of the following exception:

Traceback (most recent call last):
  File "/var/folders/zk/l_pq96ms1qvfyjkxyzyz0qgm0000gn/T/ipykernel_5056/297557633.py", line 3, in <module>
    data_validation_config = config.get_data_validation_config()
  File "/var/folders/zk/l_pq96ms1qvfyjkxyzyz0qgm0000gn/T/ipykernel_5056/1712767539.py", line 25, in get_data_validation_config
    all_schema=config.all_schema
  File "box/config_box.py", line 31, in box.config_box.ConfigBox.__getattr__
  File "box/box.py", line 649, in box.box.Box.__getattr__
box.exceptions.BoxKeyError: "'ConfigBox' object has no attribute 'all_schema'"
[2025-08-16 13:47:52,916: INFO: common: yaml file: config/config.yaml loaded successfully]
[2025-08-16 13:47:52,917: INFO: common: yaml file: params.yaml loaded successfully]
[2025-08-16 13:47:52,919: INFO: common: yaml file: schema.yaml loaded successfully]
[2025-08-16 13:47:52,919: INFO: common: created directory at: artifacts]
[2025-08-16 13:47:52,920: INFO: common: created directory at: artifacts/data_validation]
[2025-08-16 13:47:52,920: ERROR: 2519673437: "'ConfigBox' object has no attribute 'all_schema'"]
Traceback (most recent call last):
  File "box/box.py", line 594, in box.box.Box.__getitem__
KeyError: 'all_schema'

The above exception was the direct cause of the following exception:

Traceback (most recent call last):
  File "box/box.py", line 633, in box.box.Box.__getattr__
  File "box/box.py", line 621, in box.box.Box.__getitem__
box.exceptions.BoxKeyError: "'all_schema'"

During handling of the above exception, another exception occurred:

Traceback (most recent call last):
  File "box/box.py", line 635, in box.box.Box.__getattr__
AttributeError: 'ConfigBox' object has no attribute 'all_schema'

The above exception was the direct cause of the following exception:

Traceback (most recent call last):
  File "box/config_box.py", line 29, in box.config_box.ConfigBox.__getattr__
  File "box/box.py", line 649, in box.box.Box.__getattr__
box.exceptions.BoxKeyError: "'ConfigBox' object has no attribute 'all_schema'"

During handling of the above exception, another exception occurred:

Traceback (most recent call last):
  File "box/box.py", line 594, in box.box.Box.__getitem__
KeyError: 'all_schema'

The above exception was the direct cause of the following exception:

Traceback (most recent call last):
  File "box/box.py", line 633, in box.box.Box.__getattr__
  File "box/box.py", line 621, in box.box.Box.__getitem__
box.exceptions.BoxKeyError: "'all_schema'"

During handling of the above exception, another exception occurred:

Traceback (most recent call last):
  File "box/box.py", line 635, in box.box.Box.__getattr__
AttributeError: 'ConfigBox' object has no attribute 'all_schema'

The above exception was the direct cause of the following exception:

Traceback (most recent call last):
  File "/var/folders/zk/l_pq96ms1qvfyjkxyzyz0qgm0000gn/T/ipykernel_5056/2519673437.py", line 3, in <module>
    data_validation_config = config.get_data_validation_config()
  File "/var/folders/zk/l_pq96ms1qvfyjkxyzyz0qgm0000gn/T/ipykernel_5056/1712767539.py", line 25, in get_data_validation_config
    all_schema=config.all_schema
  File "box/config_box.py", line 31, in box.config_box.ConfigBox.__getattr__
  File "box/box.py", line 649, in box.box.Box.__getattr__
box.exceptions.BoxKeyError: "'ConfigBox' object has no attribute 'all_schema'"
[2025-08-16 13:50:03,919: INFO: common: yaml file: config/config.yaml loaded successfully]
[2025-08-16 13:50:03,920: INFO: common: yaml file: params.yaml loaded successfully]
[2025-08-16 13:50:03,923: INFO: common: yaml file: schema.yaml loaded successfully]
[2025-08-16 13:50:03,924: INFO: common: created directory at: artifacts]
[2025-08-16 13:50:03,924: INFO: common: created directory at: artifacts/data_validation]
[2025-08-16 13:50:03,925: ERROR: 2519673437: "'ConfigBox' object has no attribute 'all_schema'"]
Traceback (most recent call last):
  File "box/box.py", line 594, in box.box.Box.__getitem__
KeyError: 'all_schema'

The above exception was the direct cause of the following exception:

Traceback (most recent call last):
  File "box/box.py", line 633, in box.box.Box.__getattr__
  File "box/box.py", line 621, in box.box.Box.__getitem__
box.exceptions.BoxKeyError: "'all_schema'"

During handling of the above exception, another exception occurred:

Traceback (most recent call last):
  File "box/box.py", line 635, in box.box.Box.__getattr__
AttributeError: 'ConfigBox' object has no attribute 'all_schema'

The above exception was the direct cause of the following exception:

Traceback (most recent call last):
  File "box/config_box.py", line 29, in box.config_box.ConfigBox.__getattr__
  File "box/box.py", line 649, in box.box.Box.__getattr__
box.exceptions.BoxKeyError: "'ConfigBox' object has no attribute 'all_schema'"

During handling of the above exception, another exception occurred:

Traceback (most recent call last):
  File "box/box.py", line 594, in box.box.Box.__getitem__
KeyError: 'all_schema'

The above exception was the direct cause of the following exception:

Traceback (most recent call last):
  File "box/box.py", line 633, in box.box.Box.__getattr__
  File "box/box.py", line 621, in box.box.Box.__getitem__
box.exceptions.BoxKeyError: "'all_schema'"

During handling of the above exception, another exception occurred:

Traceback (most recent call last):
  File "box/box.py", line 635, in box.box.Box.__getattr__
AttributeError: 'ConfigBox' object has no attribute 'all_schema'

The above exception was the direct cause of the following exception:

Traceback (most recent call last):
  File "/var/folders/zk/l_pq96ms1qvfyjkxyzyz0qgm0000gn/T/ipykernel_5056/2519673437.py", line 3, in <module>
    data_validation_config = config.get_data_validation_config()
  File "/var/folders/zk/l_pq96ms1qvfyjkxyzyz0qgm0000gn/T/ipykernel_5056/1712767539.py", line 25, in get_data_validation_config
    all_schema=config.all_schema
  File "box/config_box.py", line 31, in box.config_box.ConfigBox.__getattr__
  File "box/box.py", line 649, in box.box.Box.__getattr__
box.exceptions.BoxKeyError: "'ConfigBox' object has no attribute 'all_schema'"
[2025-08-16 13:51:24,344: INFO: common: yaml file: config/config.yaml loaded successfully]
[2025-08-16 13:51:24,346: INFO: common: yaml file: params.yaml loaded successfully]
[2025-08-16 13:51:24,347: INFO: common: yaml file: schema.yaml loaded successfully]
[2025-08-16 13:51:24,348: INFO: common: created directory at: artifacts]
[2025-08-16 13:51:24,348: INFO: common: created directory at: artifacts/data_validation]
[2025-08-16 14:10:36,340: INFO: main: >>>>>> stage Data Ingestion stage started <<<<<<]
[2025-08-16 14:10:36,342: INFO: common: yaml file: config/config.yaml loaded successfully]
[2025-08-16 14:10:36,342: INFO: common: yaml file: params.yaml loaded successfully]
[2025-08-16 14:10:36,342: INFO: common: yaml file: schema.yaml loaded successfully]
[2025-08-16 14:10:36,342: INFO: common: created directory at: artifacts]
[2025-08-16 14:10:36,343: INFO: common: created directory at: artifacts/data_ingestion]
[2025-08-16 14:10:36,343: INFO: data_ingestion: File already exists]
[2025-08-16 14:10:36,344: INFO: main: >>>>>> stage Data Ingestion stage completed <<<<<<

x==========x]
[2025-08-16 14:10:36,344: INFO: main: >>>>>> stage Data Validation stage started <<<<<<]
[2025-08-16 14:10:36,344: INFO: common: yaml file: config/config.yaml loaded successfully]
[2025-08-16 14:10:36,345: INFO: common: yaml file: params.yaml loaded successfully]
[2025-08-16 14:10:36,345: INFO: common: yaml file: schema.yaml loaded successfully]
[2025-08-16 14:10:36,345: INFO: common: created directory at: artifacts]
[2025-08-16 14:10:36,345: INFO: common: created directory at: artifacts/data_validation]
[2025-08-16 14:10:36,348: INFO: main: >>>>>> stage Data Validation stage completed <<<<<<

x==========x]
[2025-08-16 14:32:34,075: INFO: common: yaml file: config/config.yaml loaded successfully]
[2025-08-16 14:32:34,076: INFO: common: yaml file: params.yaml loaded successfully]
[2025-08-16 14:32:34,078: INFO: common: yaml file: schema.yaml loaded successfully]
[2025-08-16 14:32:34,079: INFO: common: created directory at: artifacts]
[2025-08-16 14:32:34,080: INFO: common: created directory at: artifacts/data_transformation]
[2025-08-16 14:32:34,096: INFO: 741865018: Splited data into training and test sets]
[2025-08-16 14:32:34,096: INFO: 741865018: (1199, 12)]
[2025-08-16 14:32:34,096: INFO: 741865018: (400, 12)]
[2025-08-16 14:48:22,297: INFO: main: >>>>>> stage Data Ingestion stage started <<<<<<]
[2025-08-16 14:48:22,298: INFO: common: yaml file: config/config.yaml loaded successfully]
[2025-08-16 14:48:22,298: INFO: common: yaml file: params.yaml loaded successfully]
[2025-08-16 14:48:22,298: INFO: common: yaml file: schema.yaml loaded successfully]
[2025-08-16 14:48:22,299: INFO: common: created directory at: artifacts]
[2025-08-16 14:48:22,299: INFO: common: created directory at: artifacts/data_ingestion]
[2025-08-16 14:48:22,299: INFO: data_ingestion: File already exists]
[2025-08-16 14:48:22,300: INFO: main: >>>>>> stage Data Ingestion stage completed <<<<<<

x==========x]
[2025-08-16 14:48:22,300: INFO: main: >>>>>> stage Data Validation stage started <<<<<<]
[2025-08-16 14:48:22,301: INFO: common: yaml file: config/config.yaml loaded successfully]
[2025-08-16 14:48:22,301: INFO: common: yaml file: params.yaml loaded successfully]
[2025-08-16 14:48:22,301: INFO: common: yaml file: schema.yaml loaded successfully]
[2025-08-16 14:48:22,301: INFO: common: created directory at: artifacts]
[2025-08-16 14:48:22,301: INFO: common: created directory at: artifacts/data_validation]
[2025-08-16 14:48:22,304: INFO: main: >>>>>> stage Data Validation stage completed <<<<<<

x==========x]
[2025-08-16 14:48:22,304: INFO: main: >>>>>> stage Data Transformation stage started <<<<<<]
[2025-08-16 14:48:22,305: INFO: common: yaml file: config/config.yaml loaded successfully]
[2025-08-16 14:48:22,305: INFO: common: yaml file: params.yaml loaded successfully]
[2025-08-16 14:48:22,306: INFO: common: yaml file: schema.yaml loaded successfully]
[2025-08-16 14:48:22,306: INFO: common: created directory at: artifacts]
[2025-08-16 14:48:22,306: INFO: common: created directory at: artifacts/data_transformation]
[2025-08-16 14:48:22,313: INFO: data_transformation: Splited data into training and test sets]
[2025-08-16 14:48:22,313: INFO: data_transformation: (1199, 12)]
[2025-08-16 14:48:22,313: INFO: data_transformation: (400, 12)]
[2025-08-16 14:48:22,313: INFO: main: >>>>>> stage Data Transformation stage completed <<<<<<

x==========x]
[2025-08-16 14:48:42,756: INFO: main: >>>>>> stage Data Ingestion stage started <<<<<<]
[2025-08-16 14:48:42,758: INFO: common: yaml file: config/config.yaml loaded successfully]
[2025-08-16 14:48:42,758: INFO: common: yaml file: params.yaml loaded successfully]
[2025-08-16 14:48:42,758: INFO: common: yaml file: schema.yaml loaded successfully]
[2025-08-16 14:48:42,759: INFO: common: created directory at: artifacts]
[2025-08-16 14:48:42,759: INFO: common: created directory at: artifacts/data_ingestion]
[2025-08-16 14:48:42,759: INFO: data_ingestion: File already exists]
[2025-08-16 14:48:42,760: INFO: main: >>>>>> stage Data Ingestion stage completed <<<<<<

x==========x]
[2025-08-16 14:48:42,760: INFO: main: >>>>>> stage Data Validation stage started <<<<<<]
[2025-08-16 14:48:42,760: INFO: common: yaml file: config/config.yaml loaded successfully]
[2025-08-16 14:48:42,760: INFO: common: yaml file: params.yaml loaded successfully]
[2025-08-16 14:48:42,761: INFO: common: yaml file: schema.yaml loaded successfully]
[2025-08-16 14:48:42,761: INFO: common: created directory at: artifacts]
[2025-08-16 14:48:42,761: INFO: common: created directory at: artifacts/data_validation]
[2025-08-16 14:48:42,763: INFO: main: >>>>>> stage Data Validation stage completed <<<<<<

x==========x]
[2025-08-16 14:48:42,763: INFO: main: >>>>>> stage Data Transformation stage started <<<<<<]
[2025-08-16 14:48:42,764: INFO: common: yaml file: config/config.yaml loaded successfully]
[2025-08-16 14:48:42,764: INFO: common: yaml file: params.yaml loaded successfully]
[2025-08-16 14:48:42,765: INFO: common: yaml file: schema.yaml loaded successfully]
[2025-08-16 14:48:42,765: INFO: common: created directory at: artifacts]
[2025-08-16 14:48:42,765: INFO: common: created directory at: artifacts/data_transformation]
[2025-08-16 14:48:42,771: INFO: data_transformation: Splited data into training and test sets]
[2025-08-16 14:48:42,771: INFO: data_transformation: (1199, 12)]
[2025-08-16 14:48:42,772: INFO: data_transformation: (400, 12)]
[2025-08-16 14:48:42,772: INFO: main: >>>>>> stage Data Transformation stage completed <<<<<<

x==========x]
[2025-08-16 15:34:39,655: INFO: common: yaml file: config/config.yaml loaded successfully]
[2025-08-16 15:34:39,656: INFO: common: yaml file: params.yaml loaded successfully]
[2025-08-16 15:34:39,659: INFO: common: yaml file: schema.yaml loaded successfully]
[2025-08-16 15:34:39,659: INFO: common: created directory at: artifacts]
[2025-08-16 15:34:39,660: INFO: common: created directory at: artifacts/model_trainer]
[2025-08-16 15:44:50,737: INFO: main: >>>>>> stage Data Ingestion stage started <<<<<<]
[2025-08-16 15:44:50,739: INFO: common: yaml file: config/config.yaml loaded successfully]
[2025-08-16 15:44:50,739: INFO: common: yaml file: params.yaml loaded successfully]
[2025-08-16 15:44:50,740: INFO: common: yaml file: schema.yaml loaded successfully]
[2025-08-16 15:44:50,740: INFO: common: created directory at: artifacts]
[2025-08-16 15:44:50,740: INFO: common: created directory at: artifacts/data_ingestion]
[2025-08-16 15:44:50,740: INFO: data_ingestion: File already exists]
[2025-08-16 15:44:50,741: INFO: main: >>>>>> stage Data Ingestion stage completed <<<<<<

x==========x]
[2025-08-16 15:44:50,741: INFO: main: >>>>>> stage Data Validation stage started <<<<<<]
[2025-08-16 15:44:50,742: INFO: common: yaml file: config/config.yaml loaded successfully]
[2025-08-16 15:44:50,742: INFO: common: yaml file: params.yaml loaded successfully]
[2025-08-16 15:44:50,743: INFO: common: yaml file: schema.yaml loaded successfully]
[2025-08-16 15:44:50,743: INFO: common: created directory at: artifacts]
[2025-08-16 15:44:50,743: INFO: common: created directory at: artifacts/data_validation]
[2025-08-16 15:44:50,745: INFO: main: >>>>>> stage Data Validation stage completed <<<<<<

x==========x]
[2025-08-16 15:44:50,745: INFO: main: >>>>>> stage Data Transformation stage started <<<<<<]
[2025-08-16 15:44:50,746: INFO: common: yaml file: config/config.yaml loaded successfully]
[2025-08-16 15:44:50,746: INFO: common: yaml file: params.yaml loaded successfully]
[2025-08-16 15:44:50,747: INFO: common: yaml file: schema.yaml loaded successfully]
[2025-08-16 15:44:50,747: INFO: common: created directory at: artifacts]
[2025-08-16 15:44:50,747: INFO: common: created directory at: artifacts/data_transformation]
[2025-08-16 15:44:50,754: INFO: data_transformation: Splited data into training and test sets]
[2025-08-16 15:44:50,754: INFO: data_transformation: (1199, 12)]
[2025-08-16 15:44:50,754: INFO: data_transformation: (400, 12)]
[2025-08-16 15:44:50,754: INFO: main: >>>>>> stage Data Transformation stage completed <<<<<<

x==========x]
[2025-08-16 15:44:50,754: INFO: main: >>>>>> stage Model Training stage started <<<<<<]
[2025-08-16 15:44:50,755: INFO: common: yaml file: config/config.yaml loaded successfully]
[2025-08-16 15:44:50,755: INFO: common: yaml file: params.yaml loaded successfully]
[2025-08-16 15:44:50,756: INFO: common: yaml file: schema.yaml loaded successfully]
[2025-08-16 15:44:50,756: INFO: common: created directory at: artifacts]
[2025-08-16 15:44:50,756: INFO: common: created directory at: artifacts/model_trainer]
[2025-08-16 15:44:50,759: INFO: main: >>>>>> stage Model Training stage completed <<<<<<

x==========x]
[2025-08-16 15:45:11,537: INFO: main: >>>>>> stage Data Ingestion stage started <<<<<<]
[2025-08-16 15:45:11,538: INFO: common: yaml file: config/config.yaml loaded successfully]
[2025-08-16 15:45:11,539: INFO: common: yaml file: params.yaml loaded successfully]
[2025-08-16 15:45:11,539: INFO: common: yaml file: schema.yaml loaded successfully]
[2025-08-16 15:45:11,539: INFO: common: created directory at: artifacts]
[2025-08-16 15:45:11,539: INFO: common: created directory at: artifacts/data_ingestion]
[2025-08-16 15:45:11,539: INFO: data_ingestion: File already exists]
[2025-08-16 15:45:11,540: INFO: main: >>>>>> stage Data Ingestion stage completed <<<<<<

x==========x]
[2025-08-16 15:45:11,540: INFO: main: >>>>>> stage Data Validation stage started <<<<<<]
[2025-08-16 15:45:11,541: INFO: common: yaml file: config/config.yaml loaded successfully]
[2025-08-16 15:45:11,541: INFO: common: yaml file: params.yaml loaded successfully]
[2025-08-16 15:45:11,542: INFO: common: yaml file: schema.yaml loaded successfully]
[2025-08-16 15:45:11,542: INFO: common: created directory at: artifacts]
[2025-08-16 15:45:11,542: INFO: common: created directory at: artifacts/data_validation]
[2025-08-16 15:45:11,544: INFO: main: >>>>>> stage Data Validation stage completed <<<<<<

x==========x]
[2025-08-16 15:45:11,544: INFO: main: >>>>>> stage Data Transformation stage started <<<<<<]
[2025-08-16 15:45:11,545: INFO: common: yaml file: config/config.yaml loaded successfully]
[2025-08-16 15:45:11,545: INFO: common: yaml file: params.yaml loaded successfully]
[2025-08-16 15:45:11,546: INFO: common: yaml file: schema.yaml loaded successfully]
[2025-08-16 15:45:11,546: INFO: common: created directory at: artifacts]
[2025-08-16 15:45:11,546: INFO: common: created directory at: artifacts/data_transformation]
[2025-08-16 15:45:11,553: INFO: data_transformation: Splited data into training and test sets]
[2025-08-16 15:45:11,553: INFO: data_transformation: (1199, 12)]
[2025-08-16 15:45:11,553: INFO: data_transformation: (400, 12)]
[2025-08-16 15:45:11,553: INFO: main: >>>>>> stage Data Transformation stage completed <<<<<<

x==========x]
[2025-08-16 15:45:11,553: INFO: main: >>>>>> stage Model Training stage started <<<<<<]
[2025-08-16 15:45:11,554: INFO: common: yaml file: config/config.yaml loaded successfully]
[2025-08-16 15:45:11,554: INFO: common: yaml file: params.yaml loaded successfully]
[2025-08-16 15:45:11,555: INFO: common: yaml file: schema.yaml loaded successfully]
[2025-08-16 15:45:11,555: INFO: common: created directory at: artifacts]
[2025-08-16 15:45:11,555: INFO: common: created directory at: artifacts/model_trainer]
[2025-08-16 15:45:11,558: INFO: main: >>>>>> stage Model Training stage completed <<<<<<

x==========x]
[2025-08-16 16:10:41,377: INFO: common: yaml file: config/config.yaml loaded successfully]
[2025-08-16 16:10:41,378: INFO: common: yaml file: params.yaml loaded successfully]
[2025-08-16 16:10:41,380: INFO: common: yaml file: schema.yaml loaded successfully]
[2025-08-16 16:10:41,381: INFO: common: created directory at: artifacts]
[2025-08-16 16:10:41,382: INFO: common: created directory at: artifacts/model_evaluation]
[2025-08-16 16:10:42,671: INFO: common: json file saved at: artifacts/model_evaluation/metrics.json]
[2025-08-16 16:15:11,608: INFO: common: yaml file: config/config.yaml loaded successfully]
[2025-08-16 16:15:11,610: INFO: common: yaml file: params.yaml loaded successfully]
[2025-08-16 16:15:11,611: INFO: common: yaml file: schema.yaml loaded successfully]
[2025-08-16 16:15:11,612: INFO: common: created directory at: artifacts]
[2025-08-16 16:15:11,613: INFO: common: created directory at: artifacts/model_evaluation]
[2025-08-16 16:15:12,089: INFO: common: json file saved at: artifacts/model_evaluation/metrics.json]
[2025-08-16 16:22:16,385: INFO: common: yaml file: config/config.yaml loaded successfully]
[2025-08-16 16:22:16,386: INFO: common: yaml file: params.yaml loaded successfully]
[2025-08-16 16:22:16,388: INFO: common: yaml file: schema.yaml loaded successfully]
[2025-08-16 16:22:16,389: INFO: common: created directory at: artifacts]
[2025-08-16 16:22:16,389: INFO: common: created directory at: artifacts/model_evaluation]
[2025-08-16 16:22:47,128: INFO: common: yaml file: config/config.yaml loaded successfully]
[2025-08-16 16:22:47,129: INFO: common: yaml file: params.yaml loaded successfully]
[2025-08-16 16:22:47,131: INFO: common: yaml file: schema.yaml loaded successfully]
[2025-08-16 16:22:47,131: INFO: common: created directory at: artifacts]
[2025-08-16 16:22:47,132: INFO: common: created directory at: artifacts/model_evaluation]
[2025-08-16 16:22:47,414: INFO: common: json file saved at: artifacts/model_evaluation/metrics.json]
[2025-08-16 16:23:25,011: INFO: common: yaml file: config/config.yaml loaded successfully]
[2025-08-16 16:23:25,012: INFO: common: yaml file: params.yaml loaded successfully]
[2025-08-16 16:23:25,014: INFO: common: yaml file: schema.yaml loaded successfully]
[2025-08-16 16:23:25,014: INFO: common: created directory at: artifacts]
[2025-08-16 16:23:25,015: INFO: common: created directory at: artifacts/model_evaluation]
[2025-08-16 16:23:25,310: INFO: common: json file saved at: artifacts/model_evaluation/metrics.json]
[2025-08-16 16:37:30,011: INFO: main: >>>>>> stage Data Ingestion stage started <<<<<<]
[2025-08-16 16:37:30,013: INFO: common: yaml file: config/config.yaml loaded successfully]
[2025-08-16 16:37:30,013: INFO: common: yaml file: params.yaml loaded successfully]
[2025-08-16 16:37:30,014: INFO: common: yaml file: schema.yaml loaded successfully]
[2025-08-16 16:37:30,014: INFO: common: created directory at: artifacts]
[2025-08-16 16:37:30,014: INFO: common: created directory at: artifacts/data_ingestion]
[2025-08-16 16:37:30,014: INFO: data_ingestion: File already exists]
[2025-08-16 16:37:30,015: INFO: main: >>>>>> stage Data Ingestion stage completed <<<<<<

x==========x]
[2025-08-16 16:37:30,015: INFO: main: >>>>>> stage Data Validation stage started <<<<<<]
[2025-08-16 16:37:30,016: INFO: common: yaml file: config/config.yaml loaded successfully]
[2025-08-16 16:37:30,017: INFO: common: yaml file: params.yaml loaded successfully]
[2025-08-16 16:37:30,017: INFO: common: yaml file: schema.yaml loaded successfully]
[2025-08-16 16:37:30,017: INFO: common: created directory at: artifacts]
[2025-08-16 16:37:30,017: INFO: common: created directory at: artifacts/data_validation]
[2025-08-16 16:37:30,020: INFO: main: >>>>>> stage Data Validation stage completed <<<<<<

x==========x]
[2025-08-16 16:37:30,020: INFO: main: >>>>>> stage Data Transformation stage started <<<<<<]
[2025-08-16 16:37:30,021: INFO: common: yaml file: config/config.yaml loaded successfully]
[2025-08-16 16:37:30,021: INFO: common: yaml file: params.yaml loaded successfully]
[2025-08-16 16:37:30,022: INFO: common: yaml file: schema.yaml loaded successfully]
[2025-08-16 16:37:30,022: INFO: common: created directory at: artifacts]
[2025-08-16 16:37:30,022: INFO: common: created directory at: artifacts/data_transformation]
[2025-08-16 16:37:30,029: INFO: data_transformation: Splited data into training and test sets]
[2025-08-16 16:37:30,029: INFO: data_transformation: (1199, 12)]
[2025-08-16 16:37:30,029: INFO: data_transformation: (400, 12)]
[2025-08-16 16:37:30,029: INFO: main: >>>>>> stage Data Transformation stage completed <<<<<<

x==========x]
[2025-08-16 16:37:30,029: INFO: main: >>>>>> stage Model Training stage started <<<<<<]
[2025-08-16 16:37:30,030: INFO: common: yaml file: config/config.yaml loaded successfully]
[2025-08-16 16:37:30,031: INFO: common: yaml file: params.yaml loaded successfully]
[2025-08-16 16:37:30,031: INFO: common: yaml file: schema.yaml loaded successfully]
[2025-08-16 16:37:30,031: INFO: common: created directory at: artifacts]
[2025-08-16 16:37:30,031: INFO: common: created directory at: artifacts/model_trainer]
[2025-08-16 16:37:30,035: INFO: main: >>>>>> stage Model Training stage completed <<<<<<

x==========x]
[2025-08-16 16:37:30,035: INFO: main: >>>>>> stage Model Evaluation stage started <<<<<<]
[2025-08-16 16:37:30,036: INFO: common: yaml file: config/config.yaml loaded successfully]
[2025-08-16 16:37:30,036: INFO: common: yaml file: params.yaml loaded successfully]
[2025-08-16 16:37:30,037: INFO: common: yaml file: schema.yaml loaded successfully]
[2025-08-16 16:37:30,037: INFO: common: created directory at: artifacts]
[2025-08-16 16:37:30,037: INFO: common: created directory at: artifacts/model_evaluation]
[2025-08-16 16:37:30,273: INFO: common: json file saved at: artifacts/model_evaluation/metrics.json]
[2025-08-16 16:37:30,279: INFO: main: >>>>>> stage Model Evaluation stage completed <<<<<<

x==========x]
[2025-08-16 16:43:11,326: INFO: main: >>>>>> stage Data Ingestion stage started <<<<<<]
[2025-08-16 16:43:11,327: INFO: common: yaml file: config/config.yaml loaded successfully]
[2025-08-16 16:43:11,327: INFO: common: yaml file: params.yaml loaded successfully]
[2025-08-16 16:43:11,328: INFO: common: yaml file: schema.yaml loaded successfully]
[2025-08-16 16:43:11,328: INFO: common: created directory at: artifacts]
[2025-08-16 16:43:11,328: INFO: common: created directory at: artifacts/data_ingestion]
[2025-08-16 16:43:11,328: INFO: data_ingestion: File already exists]
[2025-08-16 16:43:11,329: INFO: main: >>>>>> stage Data Ingestion stage completed <<<<<<

x==========x]
[2025-08-16 16:43:11,329: INFO: main: >>>>>> stage Data Validation stage started <<<<<<]
[2025-08-16 16:43:11,330: INFO: common: yaml file: config/config.yaml loaded successfully]
[2025-08-16 16:43:11,331: INFO: common: yaml file: params.yaml loaded successfully]
[2025-08-16 16:43:11,331: INFO: common: yaml file: schema.yaml loaded successfully]
[2025-08-16 16:43:11,331: INFO: common: created directory at: artifacts]
[2025-08-16 16:43:11,331: INFO: common: created directory at: artifacts/data_validation]
[2025-08-16 16:43:11,334: INFO: main: >>>>>> stage Data Validation stage completed <<<<<<

x==========x]
[2025-08-16 16:43:11,334: INFO: main: >>>>>> stage Data Transformation stage started <<<<<<]
[2025-08-16 16:43:11,335: INFO: common: yaml file: config/config.yaml loaded successfully]
[2025-08-16 16:43:11,335: INFO: common: yaml file: params.yaml loaded successfully]
[2025-08-16 16:43:11,336: INFO: common: yaml file: schema.yaml loaded successfully]
[2025-08-16 16:43:11,336: INFO: common: created directory at: artifacts]
[2025-08-16 16:43:11,336: INFO: common: created directory at: artifacts/data_transformation]
[2025-08-16 16:43:11,343: INFO: data_transformation: Splited data into training and test sets]
[2025-08-16 16:43:11,343: INFO: data_transformation: (1199, 12)]
[2025-08-16 16:43:11,343: INFO: data_transformation: (400, 12)]
[2025-08-16 16:43:11,343: INFO: main: >>>>>> stage Data Transformation stage completed <<<<<<

x==========x]
[2025-08-16 16:43:11,343: INFO: main: >>>>>> stage Model Training stage started <<<<<<]
[2025-08-16 16:43:11,344: INFO: common: yaml file: config/config.yaml loaded successfully]
[2025-08-16 16:43:11,345: INFO: common: yaml file: params.yaml loaded successfully]
[2025-08-16 16:43:11,345: INFO: common: yaml file: schema.yaml loaded successfully]
[2025-08-16 16:43:11,345: INFO: common: created directory at: artifacts]
[2025-08-16 16:43:11,345: INFO: common: created directory at: artifacts/model_trainer]
[2025-08-16 16:43:11,349: INFO: main: >>>>>> stage Model Training stage completed <<<<<<

x==========x]
[2025-08-16 16:43:11,349: INFO: main: >>>>>> stage Model Evaluation stage started <<<<<<]
[2025-08-16 16:43:11,350: INFO: common: yaml file: config/config.yaml loaded successfully]
[2025-08-16 16:43:11,350: INFO: common: yaml file: params.yaml loaded successfully]
[2025-08-16 16:43:11,351: INFO: common: yaml file: schema.yaml loaded successfully]
[2025-08-16 16:43:11,351: INFO: common: created directory at: artifacts]
[2025-08-16 16:43:11,351: INFO: common: created directory at: artifacts/model_evaluation]
[2025-08-16 16:43:11,578: INFO: common: json file saved at: artifacts/model_evaluation/metrics.json]
[2025-08-16 16:43:13,094: INFO: main: >>>>>> stage Model Evaluation stage completed <<<<<<

x==========x]
[2025-08-16 16:46:22,005: INFO: main: >>>>>> stage Data Ingestion stage started <<<<<<]
[2025-08-16 16:46:22,006: INFO: common: yaml file: config/config.yaml loaded successfully]
[2025-08-16 16:46:22,006: INFO: common: yaml file: params.yaml loaded successfully]
[2025-08-16 16:46:22,007: INFO: common: yaml file: schema.yaml loaded successfully]
[2025-08-16 16:46:22,007: INFO: common: created directory at: artifacts]
[2025-08-16 16:46:22,007: INFO: common: created directory at: artifacts/data_ingestion]
[2025-08-16 16:46:22,007: INFO: data_ingestion: File already exists]
[2025-08-16 16:46:22,008: INFO: main: >>>>>> stage Data Ingestion stage completed <<<<<<

x==========x]
[2025-08-16 16:46:22,008: INFO: main: >>>>>> stage Data Validation stage started <<<<<<]
[2025-08-16 16:46:22,009: INFO: common: yaml file: config/config.yaml loaded successfully]
[2025-08-16 16:46:22,010: INFO: common: yaml file: params.yaml loaded successfully]
[2025-08-16 16:46:22,010: INFO: common: yaml file: schema.yaml loaded successfully]
[2025-08-16 16:46:22,010: INFO: common: created directory at: artifacts]
[2025-08-16 16:46:22,010: INFO: common: created directory at: artifacts/data_validation]
[2025-08-16 16:46:22,013: INFO: main: >>>>>> stage Data Validation stage completed <<<<<<

x==========x]
[2025-08-16 16:46:22,013: INFO: main: >>>>>> stage Data Transformation stage started <<<<<<]
[2025-08-16 16:46:22,014: INFO: common: yaml file: config/config.yaml loaded successfully]
[2025-08-16 16:46:22,014: INFO: common: yaml file: params.yaml loaded successfully]
[2025-08-16 16:46:22,015: INFO: common: yaml file: schema.yaml loaded successfully]
[2025-08-16 16:46:22,015: INFO: common: created directory at: artifacts]
[2025-08-16 16:46:22,015: INFO: common: created directory at: artifacts/data_transformation]
[2025-08-16 16:46:22,022: INFO: data_transformation: Splited data into training and test sets]
[2025-08-16 16:46:22,022: INFO: data_transformation: (1199, 12)]
[2025-08-16 16:46:22,022: INFO: data_transformation: (400, 12)]
[2025-08-16 16:46:22,022: INFO: main: >>>>>> stage Data Transformation stage completed <<<<<<

x==========x]
[2025-08-16 16:46:22,022: INFO: main: >>>>>> stage Model Training stage started <<<<<<]
[2025-08-16 16:46:22,023: INFO: common: yaml file: config/config.yaml loaded successfully]
[2025-08-16 16:46:22,023: INFO: common: yaml file: params.yaml loaded successfully]
[2025-08-16 16:46:22,024: INFO: common: yaml file: schema.yaml loaded successfully]
[2025-08-16 16:46:22,024: INFO: common: created directory at: artifacts]
[2025-08-16 16:46:22,024: INFO: common: created directory at: artifacts/model_trainer]
[2025-08-16 16:46:22,027: INFO: main: >>>>>> stage Model Training stage completed <<<<<<

x==========x]
[2025-08-16 16:46:22,027: INFO: main: >>>>>> stage Model Evaluation stage started <<<<<<]
[2025-08-16 16:46:22,028: INFO: common: yaml file: config/config.yaml loaded successfully]
[2025-08-16 16:46:22,029: INFO: common: yaml file: params.yaml loaded successfully]
[2025-08-16 16:46:22,029: INFO: common: yaml file: schema.yaml loaded successfully]
[2025-08-16 16:46:22,029: INFO: common: created directory at: artifacts]
[2025-08-16 16:46:22,029: INFO: common: created directory at: artifacts/model_evaluation]
[2025-08-16 16:46:22,260: INFO: common: json file saved at: artifacts/model_evaluation/metrics.json]
[2025-08-16 16:46:23,679: INFO: main: >>>>>> stage Model Evaluation stage completed <<<<<<

x==========x]
[2025-08-16 16:47:10,534: INFO: main: >>>>>> stage Data Ingestion stage started <<<<<<]
[2025-08-16 16:47:10,536: INFO: common: yaml file: config/config.yaml loaded successfully]
[2025-08-16 16:47:10,536: INFO: common: yaml file: params.yaml loaded successfully]
[2025-08-16 16:47:10,537: INFO: common: yaml file: schema.yaml loaded successfully]
[2025-08-16 16:47:10,537: INFO: common: created directory at: artifacts]
[2025-08-16 16:47:10,537: INFO: common: created directory at: artifacts/data_ingestion]
[2025-08-16 16:47:10,537: INFO: data_ingestion: File already exists]
[2025-08-16 16:47:10,538: INFO: main: >>>>>> stage Data Ingestion stage completed <<<<<<

x==========x]
[2025-08-16 16:47:10,538: INFO: main: >>>>>> stage Data Validation stage started <<<<<<]
[2025-08-16 16:47:10,539: INFO: common: yaml file: config/config.yaml loaded successfully]
[2025-08-16 16:47:10,540: INFO: common: yaml file: params.yaml loaded successfully]
[2025-08-16 16:47:10,540: INFO: common: yaml file: schema.yaml loaded successfully]
[2025-08-16 16:47:10,540: INFO: common: created directory at: artifacts]
[2025-08-16 16:47:10,540: INFO: common: created directory at: artifacts/data_validation]
[2025-08-16 16:47:10,543: INFO: main: >>>>>> stage Data Validation stage completed <<<<<<

x==========x]
[2025-08-16 16:47:10,543: INFO: main: >>>>>> stage Data Transformation stage started <<<<<<]
[2025-08-16 16:47:10,544: INFO: common: yaml file: config/config.yaml loaded successfully]
[2025-08-16 16:47:10,544: INFO: common: yaml file: params.yaml loaded successfully]
[2025-08-16 16:47:10,545: INFO: common: yaml file: schema.yaml loaded successfully]
[2025-08-16 16:47:10,545: INFO: common: created directory at: artifacts]
[2025-08-16 16:47:10,545: INFO: common: created directory at: artifacts/data_transformation]
[2025-08-16 16:47:10,552: INFO: data_transformation: Splited data into training and test sets]
[2025-08-16 16:47:10,552: INFO: data_transformation: (1199, 12)]
[2025-08-16 16:47:10,552: INFO: data_transformation: (400, 12)]
[2025-08-16 16:47:10,552: INFO: main: >>>>>> stage Data Transformation stage completed <<<<<<

x==========x]
[2025-08-16 16:47:10,552: INFO: main: >>>>>> stage Model Training stage started <<<<<<]
[2025-08-16 16:47:10,553: INFO: common: yaml file: config/config.yaml loaded successfully]
[2025-08-16 16:47:10,553: INFO: common: yaml file: params.yaml loaded successfully]
[2025-08-16 16:47:10,554: INFO: common: yaml file: schema.yaml loaded successfully]
[2025-08-16 16:47:10,554: INFO: common: created directory at: artifacts]
[2025-08-16 16:47:10,554: INFO: common: created directory at: artifacts/model_trainer]
[2025-08-16 16:47:10,557: INFO: main: >>>>>> stage Model Training stage completed <<<<<<

x==========x]
[2025-08-16 16:47:10,557: INFO: main: >>>>>> stage Model Evaluation stage started <<<<<<]
[2025-08-16 16:47:10,558: INFO: common: yaml file: config/config.yaml loaded successfully]
[2025-08-16 16:47:10,559: INFO: common: yaml file: params.yaml loaded successfully]
[2025-08-16 16:47:10,559: INFO: common: yaml file: schema.yaml loaded successfully]
[2025-08-16 16:47:10,559: INFO: common: created directory at: artifacts]
[2025-08-16 16:47:10,559: INFO: common: created directory at: artifacts/model_evaluation]
[2025-08-16 16:47:10,785: INFO: common: json file saved at: artifacts/model_evaluation/metrics.json]
[2025-08-16 16:47:10,791: INFO: main: >>>>>> stage Model Evaluation stage completed <<<<<<

x==========x]
[2025-08-16 16:47:40,157: INFO: main: >>>>>> stage Data Ingestion stage started <<<<<<]
[2025-08-16 16:47:40,158: INFO: common: yaml file: config/config.yaml loaded successfully]
[2025-08-16 16:47:40,158: INFO: common: yaml file: params.yaml loaded successfully]
[2025-08-16 16:47:40,159: INFO: common: yaml file: schema.yaml loaded successfully]
[2025-08-16 16:47:40,159: INFO: common: created directory at: artifacts]
[2025-08-16 16:47:40,159: INFO: common: created directory at: artifacts/data_ingestion]
[2025-08-16 16:47:40,159: INFO: data_ingestion: File already exists]
[2025-08-16 16:47:40,160: INFO: main: >>>>>> stage Data Ingestion stage completed <<<<<<

x==========x]
[2025-08-16 16:47:40,160: INFO: main: >>>>>> stage Data Validation stage started <<<<<<]
[2025-08-16 16:47:40,161: INFO: common: yaml file: config/config.yaml loaded successfully]
[2025-08-16 16:47:40,162: INFO: common: yaml file: params.yaml loaded successfully]
[2025-08-16 16:47:40,162: INFO: common: yaml file: schema.yaml loaded successfully]
[2025-08-16 16:47:40,162: INFO: common: created directory at: artifacts]
[2025-08-16 16:47:40,162: INFO: common: created directory at: artifacts/data_validation]
[2025-08-16 16:47:40,165: INFO: main: >>>>>> stage Data Validation stage completed <<<<<<

x==========x]
[2025-08-16 16:47:40,165: INFO: main: >>>>>> stage Data Transformation stage started <<<<<<]
[2025-08-16 16:47:40,166: INFO: common: yaml file: config/config.yaml loaded successfully]
[2025-08-16 16:47:40,166: INFO: common: yaml file: params.yaml loaded successfully]
[2025-08-16 16:47:40,167: INFO: common: yaml file: schema.yaml loaded successfully]
[2025-08-16 16:47:40,167: INFO: common: created directory at: artifacts]
[2025-08-16 16:47:40,167: INFO: common: created directory at: artifacts/data_transformation]
[2025-08-16 16:47:40,174: INFO: data_transformation: Splited data into training and test sets]
[2025-08-16 16:47:40,174: INFO: data_transformation: (1199, 12)]
[2025-08-16 16:47:40,174: INFO: data_transformation: (400, 12)]
[2025-08-16 16:47:40,174: INFO: main: >>>>>> stage Data Transformation stage completed <<<<<<

x==========x]
[2025-08-16 16:47:40,174: INFO: main: >>>>>> stage Model Training stage started <<<<<<]
[2025-08-16 16:47:40,175: INFO: common: yaml file: config/config.yaml loaded successfully]
[2025-08-16 16:47:40,175: INFO: common: yaml file: params.yaml loaded successfully]
[2025-08-16 16:47:40,176: INFO: common: yaml file: schema.yaml loaded successfully]
[2025-08-16 16:47:40,176: INFO: common: created directory at: artifacts]
[2025-08-16 16:47:40,176: INFO: common: created directory at: artifacts/model_trainer]
[2025-08-16 16:47:40,179: INFO: main: >>>>>> stage Model Training stage completed <<<<<<

x==========x]
[2025-08-16 16:47:40,179: INFO: main: >>>>>> stage Model Evaluation stage started <<<<<<]
[2025-08-16 16:47:40,180: INFO: common: yaml file: config/config.yaml loaded successfully]
[2025-08-16 16:47:40,181: INFO: common: yaml file: params.yaml loaded successfully]
[2025-08-16 16:47:40,181: INFO: common: yaml file: schema.yaml loaded successfully]
[2025-08-16 16:47:40,181: INFO: common: created directory at: artifacts]
[2025-08-16 16:47:40,181: INFO: common: created directory at: artifacts/model_evaluation]
[2025-08-16 16:47:40,414: INFO: common: json file saved at: artifacts/model_evaluation/metrics.json]
[2025-08-16 16:47:40,419: INFO: main: >>>>>> stage Model Evaluation stage completed <<<<<<

x==========x]
[2025-08-16 16:49:21,086: INFO: main: >>>>>> stage Data Ingestion stage started <<<<<<]
[2025-08-16 16:49:21,087: INFO: common: yaml file: config/config.yaml loaded successfully]
[2025-08-16 16:49:21,088: INFO: common: yaml file: params.yaml loaded successfully]
[2025-08-16 16:49:21,088: INFO: common: yaml file: schema.yaml loaded successfully]
[2025-08-16 16:49:21,089: INFO: common: created directory at: artifacts]
[2025-08-16 16:49:21,089: INFO: common: created directory at: artifacts/data_ingestion]
[2025-08-16 16:49:21,089: INFO: data_ingestion: File already exists]
[2025-08-16 16:49:21,090: INFO: main: >>>>>> stage Data Ingestion stage completed <<<<<<

x==========x]
[2025-08-16 16:49:21,090: INFO: main: >>>>>> stage Data Validation stage started <<<<<<]
[2025-08-16 16:49:21,091: INFO: common: yaml file: config/config.yaml loaded successfully]
[2025-08-16 16:49:21,091: INFO: common: yaml file: params.yaml loaded successfully]
[2025-08-16 16:49:21,092: INFO: common: yaml file: schema.yaml loaded successfully]
[2025-08-16 16:49:21,092: INFO: common: created directory at: artifacts]
[2025-08-16 16:49:21,092: INFO: common: created directory at: artifacts/data_validation]
[2025-08-16 16:49:21,094: INFO: main: >>>>>> stage Data Validation stage completed <<<<<<

x==========x]
[2025-08-16 16:49:21,094: INFO: main: >>>>>> stage Data Transformation stage started <<<<<<]
[2025-08-16 16:49:21,095: INFO: common: yaml file: config/config.yaml loaded successfully]
[2025-08-16 16:49:21,095: INFO: common: yaml file: params.yaml loaded successfully]
[2025-08-16 16:49:21,096: INFO: common: yaml file: schema.yaml loaded successfully]
[2025-08-16 16:49:21,096: INFO: common: created directory at: artifacts]
[2025-08-16 16:49:21,096: INFO: common: created directory at: artifacts/data_transformation]
[2025-08-16 16:49:21,103: INFO: data_transformation: Splited data into training and test sets]
[2025-08-16 16:49:21,104: INFO: data_transformation: (1199, 12)]
[2025-08-16 16:49:21,104: INFO: data_transformation: (400, 12)]
[2025-08-16 16:49:21,104: INFO: main: >>>>>> stage Data Transformation stage completed <<<<<<

x==========x]
[2025-08-16 16:49:21,104: INFO: main: >>>>>> stage Model Training stage started <<<<<<]
[2025-08-16 16:49:21,105: INFO: common: yaml file: config/config.yaml loaded successfully]
[2025-08-16 16:49:21,105: INFO: common: yaml file: params.yaml loaded successfully]
[2025-08-16 16:49:21,105: INFO: common: yaml file: schema.yaml loaded successfully]
[2025-08-16 16:49:21,106: INFO: common: created directory at: artifacts]
[2025-08-16 16:49:21,106: INFO: common: created directory at: artifacts/model_trainer]
[2025-08-16 16:49:21,109: INFO: main: >>>>>> stage Model Training stage completed <<<<<<

x==========x]
[2025-08-16 16:49:21,109: INFO: main: >>>>>> stage Model Evaluation stage started <<<<<<]
[2025-08-16 16:49:21,110: INFO: common: yaml file: config/config.yaml loaded successfully]
[2025-08-16 16:49:21,110: INFO: common: yaml file: params.yaml loaded successfully]
[2025-08-16 16:49:21,111: INFO: common: yaml file: schema.yaml loaded successfully]
[2025-08-16 16:49:21,111: INFO: common: created directory at: artifacts]
[2025-08-16 16:49:21,111: INFO: common: created directory at: artifacts/model_evaluation]
[2025-08-16 16:49:21,679: INFO: common: json file saved at: artifacts/model_evaluation/metrics.json]
[2025-08-16 16:49:24,025: INFO: main: >>>>>> stage Model Evaluation stage completed <<<<<<

x==========x]
[2025-08-16 16:51:53,003: INFO: main: >>>>>> stage Data Ingestion stage started <<<<<<]
[2025-08-16 16:51:53,004: INFO: common: yaml file: config/config.yaml loaded successfully]
[2025-08-16 16:51:53,005: INFO: common: yaml file: params.yaml loaded successfully]
[2025-08-16 16:51:53,005: INFO: common: yaml file: schema.yaml loaded successfully]
[2025-08-16 16:51:53,005: INFO: common: created directory at: artifacts]
[2025-08-16 16:51:53,005: INFO: common: created directory at: artifacts/data_ingestion]
[2025-08-16 16:51:53,006: INFO: data_ingestion: File already exists]
[2025-08-16 16:51:53,007: INFO: main: >>>>>> stage Data Ingestion stage completed <<<<<<

x==========x]
[2025-08-16 16:51:53,007: INFO: main: >>>>>> stage Data Validation stage started <<<<<<]
[2025-08-16 16:51:53,008: INFO: common: yaml file: config/config.yaml loaded successfully]
[2025-08-16 16:51:53,008: INFO: common: yaml file: params.yaml loaded successfully]
[2025-08-16 16:51:53,008: INFO: common: yaml file: schema.yaml loaded successfully]
[2025-08-16 16:51:53,008: INFO: common: created directory at: artifacts]
[2025-08-16 16:51:53,008: INFO: common: created directory at: artifacts/data_validation]
[2025-08-16 16:51:53,011: INFO: main: >>>>>> stage Data Validation stage completed <<<<<<

x==========x]
[2025-08-16 16:51:53,011: INFO: main: >>>>>> stage Data Transformation stage started <<<<<<]
[2025-08-16 16:51:53,012: INFO: common: yaml file: config/config.yaml loaded successfully]
[2025-08-16 16:51:53,012: INFO: common: yaml file: params.yaml loaded successfully]
[2025-08-16 16:51:53,013: INFO: common: yaml file: schema.yaml loaded successfully]
[2025-08-16 16:51:53,013: INFO: common: created directory at: artifacts]
[2025-08-16 16:51:53,013: INFO: common: created directory at: artifacts/data_transformation]
[2025-08-16 16:51:53,020: INFO: data_transformation: Splited data into training and test sets]
[2025-08-16 16:51:53,020: INFO: data_transformation: (1199, 12)]
[2025-08-16 16:51:53,020: INFO: data_transformation: (400, 12)]
[2025-08-16 16:51:53,020: INFO: main: >>>>>> stage Data Transformation stage completed <<<<<<

x==========x]
[2025-08-16 16:51:53,020: INFO: main: >>>>>> stage Model Training stage started <<<<<<]
[2025-08-16 16:51:53,021: INFO: common: yaml file: config/config.yaml loaded successfully]
[2025-08-16 16:51:53,022: INFO: common: yaml file: params.yaml loaded successfully]
[2025-08-16 16:51:53,022: INFO: common: yaml file: schema.yaml loaded successfully]
[2025-08-16 16:51:53,022: INFO: common: created directory at: artifacts]
[2025-08-16 16:51:53,022: INFO: common: created directory at: artifacts/model_trainer]
[2025-08-16 16:51:53,026: INFO: main: >>>>>> stage Model Training stage completed <<<<<<

x==========x]
[2025-08-16 16:51:53,026: INFO: main: >>>>>> stage Model Evaluation stage started <<<<<<]
[2025-08-16 16:51:53,027: INFO: common: yaml file: config/config.yaml loaded successfully]
[2025-08-16 16:51:53,027: INFO: common: yaml file: params.yaml loaded successfully]
[2025-08-16 16:51:53,028: INFO: common: yaml file: schema.yaml loaded successfully]
[2025-08-16 16:51:53,028: INFO: common: created directory at: artifacts]
[2025-08-16 16:51:53,028: INFO: common: created directory at: artifacts/model_evaluation]
[2025-08-16 16:51:53,607: INFO: common: json file saved at: artifacts/model_evaluation/metrics.json]
[2025-08-16 16:51:57,494: ERROR: main: INTERNAL_ERROR: Response: {'error': 'unsupported endpoint, please contact support@dagshub.com'}]
Traceback (most recent call last):
  File "/Users/vatsal/Machine Learning/MLOPS/End_to_end_project/MLOPS_project/main.py", line 55, in <module>
    model_evaluation.initiate_model_evaluation()
  File "/Users/vatsal/Machine Learning/MLOPS/End_to_end_project/MLOPS_project/src/MLOPS/pipeline/model_evaul_pipeline.py", line 18, in initiate_model_evaluation
    model_evaluation.log_into_mlflow()
  File "/Users/vatsal/Machine Learning/MLOPS/End_to_end_project/MLOPS_project/src/MLOPS/components/model_evaual.py", line 67, in log_into_mlflow
    mlflow.sklearn.log_model(model, "model", registered_model_name="ElasticnetModel")
  File "/Users/vatsal/Machine Learning/MLOPS/End_to_end_project/MLOPS_project/venv/lib/python3.10/site-packages/mlflow/sklearn/__init__.py", line 426, in log_model
    return Model.log(
  File "/Users/vatsal/Machine Learning/MLOPS/End_to_end_project/MLOPS_project/venv/lib/python3.10/site-packages/mlflow/models/model.py", line 1166, in log
    model = _create_logged_model(
  File "/Users/vatsal/Machine Learning/MLOPS/End_to_end_project/MLOPS_project/venv/lib/python3.10/site-packages/mlflow/tracking/fluent.py", line 2282, in _create_logged_model
    return MlflowClient()._create_logged_model(
  File "/Users/vatsal/Machine Learning/MLOPS/End_to_end_project/MLOPS_project/venv/lib/python3.10/site-packages/mlflow/tracking/client.py", line 5379, in _create_logged_model
    return self._tracking_client.create_logged_model(
  File "/Users/vatsal/Machine Learning/MLOPS/End_to_end_project/MLOPS_project/venv/lib/python3.10/site-packages/mlflow/telemetry/track.py", line 27, in wrapper
    return func(*args, **kwargs)
  File "/Users/vatsal/Machine Learning/MLOPS/End_to_end_project/MLOPS_project/venv/lib/python3.10/site-packages/mlflow/tracking/_tracking_service/client.py", line 841, in create_logged_model
    return self.store.create_logged_model(
  File "/Users/vatsal/Machine Learning/MLOPS/End_to_end_project/MLOPS_project/venv/lib/python3.10/site-packages/mlflow/store/tracking/rest_store.py", line 823, in create_logged_model
    response_proto = self._call_endpoint(CreateLoggedModel, req_body)
  File "/Users/vatsal/Machine Learning/MLOPS/End_to_end_project/MLOPS_project/venv/lib/python3.10/site-packages/mlflow/store/tracking/rest_store.py", line 133, in _call_endpoint
    return call_endpoint(
  File "/Users/vatsal/Machine Learning/MLOPS/End_to_end_project/MLOPS_project/venv/lib/python3.10/site-packages/mlflow/utils/rest_utils.py", line 553, in call_endpoint
    response = verify_rest_response(response, endpoint)
  File "/Users/vatsal/Machine Learning/MLOPS/End_to_end_project/MLOPS_project/venv/lib/python3.10/site-packages/mlflow/utils/rest_utils.py", line 308, in verify_rest_response
    raise RestException(json.loads(response.text))
mlflow.exceptions.RestException: INTERNAL_ERROR: Response: {'error': 'unsupported endpoint, please contact support@dagshub.com'}
[2025-08-16 16:52:29,096: INFO: main: >>>>>> stage Data Ingestion stage started <<<<<<]
[2025-08-16 16:52:29,097: INFO: common: yaml file: config/config.yaml loaded successfully]
[2025-08-16 16:52:29,097: INFO: common: yaml file: params.yaml loaded successfully]
[2025-08-16 16:52:29,098: INFO: common: yaml file: schema.yaml loaded successfully]
[2025-08-16 16:52:29,098: INFO: common: created directory at: artifacts]
[2025-08-16 16:52:29,098: INFO: common: created directory at: artifacts/data_ingestion]
[2025-08-16 16:52:29,098: INFO: data_ingestion: File already exists]
[2025-08-16 16:52:29,099: INFO: main: >>>>>> stage Data Ingestion stage completed <<<<<<

x==========x]
[2025-08-16 16:52:29,099: INFO: main: >>>>>> stage Data Validation stage started <<<<<<]
[2025-08-16 16:52:29,100: INFO: common: yaml file: config/config.yaml loaded successfully]
[2025-08-16 16:52:29,100: INFO: common: yaml file: params.yaml loaded successfully]
[2025-08-16 16:52:29,101: INFO: common: yaml file: schema.yaml loaded successfully]
[2025-08-16 16:52:29,101: INFO: common: created directory at: artifacts]
[2025-08-16 16:52:29,101: INFO: common: created directory at: artifacts/data_validation]
[2025-08-16 16:52:29,103: INFO: main: >>>>>> stage Data Validation stage completed <<<<<<

x==========x]
[2025-08-16 16:52:29,103: INFO: main: >>>>>> stage Data Transformation stage started <<<<<<]
[2025-08-16 16:52:29,104: INFO: common: yaml file: config/config.yaml loaded successfully]
[2025-08-16 16:52:29,105: INFO: common: yaml file: params.yaml loaded successfully]
[2025-08-16 16:52:29,105: INFO: common: yaml file: schema.yaml loaded successfully]
[2025-08-16 16:52:29,105: INFO: common: created directory at: artifacts]
[2025-08-16 16:52:29,105: INFO: common: created directory at: artifacts/data_transformation]
[2025-08-16 16:52:29,112: INFO: data_transformation: Splited data into training and test sets]
[2025-08-16 16:52:29,112: INFO: data_transformation: (1199, 12)]
[2025-08-16 16:52:29,112: INFO: data_transformation: (400, 12)]
[2025-08-16 16:52:29,112: INFO: main: >>>>>> stage Data Transformation stage completed <<<<<<

x==========x]
[2025-08-16 16:52:29,112: INFO: main: >>>>>> stage Model Training stage started <<<<<<]
[2025-08-16 16:52:29,113: INFO: common: yaml file: config/config.yaml loaded successfully]
[2025-08-16 16:52:29,114: INFO: common: yaml file: params.yaml loaded successfully]
[2025-08-16 16:52:29,114: INFO: common: yaml file: schema.yaml loaded successfully]
[2025-08-16 16:52:29,114: INFO: common: created directory at: artifacts]
[2025-08-16 16:52:29,114: INFO: common: created directory at: artifacts/model_trainer]
[2025-08-16 16:52:29,119: INFO: main: >>>>>> stage Model Training stage completed <<<<<<

x==========x]
[2025-08-16 16:52:29,119: INFO: main: >>>>>> stage Model Evaluation stage started <<<<<<]
[2025-08-16 16:52:29,120: INFO: common: yaml file: config/config.yaml loaded successfully]
[2025-08-16 16:52:29,120: INFO: common: yaml file: params.yaml loaded successfully]
[2025-08-16 16:52:29,120: INFO: common: yaml file: schema.yaml loaded successfully]
[2025-08-16 16:52:29,121: INFO: common: created directory at: artifacts]
[2025-08-16 16:52:29,121: INFO: common: created directory at: artifacts/model_evaluation]
[2025-08-16 16:52:29,679: INFO: common: json file saved at: artifacts/model_evaluation/metrics.json]
[2025-08-16 16:52:31,935: INFO: main: >>>>>> stage Model Evaluation stage completed <<<<<<

x==========x]
